Build started 7/8/2016 10:09:40 PM.
     1>Project "C:\Users\Admin\Documents\GitHub\OpenGL-Framework\OpenGL_4_0_Engine\OpenGL_4_0_Engine.vcxproj" on node 2 (Build target(s)).
     1>ClCompile:
         E:\Program Files (x86)\Microsoft Visual Studio 12.0\VC\bin\CL.exe /c /ZI /nologo /W4 /WX /sdl /Od /Oy- /D _SILENCE_STDEXT_HASH_DEPRECATION_WARNINGS=1 /D _DEBUG /D _LIB /D GLEW_STATIC /D _WIN32 /D WIN32 /D _CRT_NONSTDC_NO_DEPRECATE /D _CRT_SECURE_NO_WARNINGS /D _MBCS /Gm /EHsc /RTC1 /MDd /GS /fp:precise /Zc:wchar_t /Zc:forScope /Fo"C:\Users\Admin\Documents\GitHub\OpenGL-Framework\bin\Debug\Intermediates\OpenGL_4_0_Engine\\" /Fd"C:\Users\Admin\Documents\GitHub\OpenGL-Framework\bin\Debug\Intermediates\OpenGL_4_0_Engine\vc120.pdb" /Gd /TP /analyze- /errorReport:prompt src\Engine.cpp
         Engine.cpp
       Lib:
         E:\Program Files (x86)\Microsoft Visual Studio 12.0\VC\bin\Lib.exe /OUT:"C:\Users\Admin\Documents\GitHub\OpenGL-Framework\bin\Debug\OpenGL4_0_Engine.lib" glew32s.lib opengl32.lib tinyxml.lib /NOLOGO "C:\Users\Admin\Documents\GitHub\OpenGL-Framework\bin\Debug\Intermediates\OpenGL_4_0_Engine\Engine.obj"
         "C:\Users\Admin\Documents\GitHub\OpenGL-Framework\bin\Debug\Intermediates\OpenGL_4_0_Engine\FrameWork.obj"
         "C:\Users\Admin\Documents\GitHub\OpenGL-Framework\bin\Debug\Intermediates\OpenGL_4_0_Engine\GameComponent.obj"
         "C:\Users\Admin\Documents\GitHub\OpenGL-Framework\bin\Debug\Intermediates\OpenGL_4_0_Engine\Graphics.obj"
         "C:\Users\Admin\Documents\GitHub\OpenGL-Framework\bin\Debug\Intermediates\OpenGL_4_0_Engine\MathCore.obj"
         "C:\Users\Admin\Documents\GitHub\OpenGL-Framework\bin\Debug\Intermediates\OpenGL_4_0_Engine\OGL.obj"
         "C:\Users\Admin\Documents\GitHub\OpenGL-Framework\bin\Debug\Intermediates\OpenGL_4_0_Engine\RecTangle.obj"
         "C:\Users\Admin\Documents\GitHub\OpenGL-Framework\bin\Debug\Intermediates\OpenGL_4_0_Engine\Shader.obj"
         "C:\Users\Admin\Documents\GitHub\OpenGL-Framework\bin\Debug\Intermediates\OpenGL_4_0_Engine\ShaderManager.obj"
         "C:\Users\Admin\Documents\GitHub\OpenGL-Framework\bin\Debug\Intermediates\OpenGL_4_0_Engine\SpriteBatch.obj"
         "C:\Users\Admin\Documents\GitHub\OpenGL-Framework\bin\Debug\Intermediates\OpenGL_4_0_Engine\Timer.obj"
         OpenGL_4_0_Engine.vcxproj -> C:\Users\Admin\Documents\GitHub\OpenGL-Framework\bin\Debug\OpenGL4_0_Engine.lib
     1>Done Building Project "C:\Users\Admin\Documents\GitHub\OpenGL-Framework\OpenGL_4_0_Engine\OpenGL_4_0_Engine.vcxproj" (Build target(s)).

Build succeeded.

Time Elapsed 00:00:00.70
