Build started 7/8/2016 8:57:28 PM.
     1>Project "C:\Users\Admin\Documents\GitHub\OpenGL-Framework\OpenGL_4_0_Engine\OpenGL_4_0_Engine.vcxproj" on node 2 (Build target(s)).
     1>ClCompile:
         E:\Program Files (x86)\Microsoft Visual Studio 12.0\VC\bin\CL.exe /c /IHeader /ZI /nologo /W4 /WX /sdl /Od /Oy- /D WIN32 /D _DEBUG /D _CONSOLE /D _LIB /D _MBCS /Gm /EHsc /RTC1 /MTd /GS /fp:precise /Zc:wchar_t /Zc:forScope /Fo"Debug\\" /Fd"Debug\vc120.pdb" /Gd /TP /analyze- /errorReport:prompt Source\Engine.cpp Source\FrameWork.cpp Source\GameComponent.cpp Source\GameWorld.cpp Source\Graphics.cpp Source\main.cpp Source\MathCore.cpp Source\OGL.cpp Source\RecTangle.cpp Source\Shader.cpp Source\ShaderManager.cpp Source\SpriteBatch.cpp Source\Timer.cpp
         Timer.cpp
         SpriteBatch.cpp
     1>c:\users\admin\documents\github\opengl-framework\opengl_4_0_engine\source\spritebatch.cpp(2): fatal error C1083: Cannot open include file: 'glew.h': No such file or directory
         ShaderManager.cpp
     1>c:\users\admin\documents\github\opengl-framework\opengl_4_0_engine\header\ogl.h(5): fatal error C1083: Cannot open include file: 'glew.h': No such file or directory
         Shader.cpp
     1>c:\users\admin\documents\github\opengl-framework\opengl_4_0_engine\header\ogl.h(5): fatal error C1083: Cannot open include file: 'glew.h': No such file or directory
         RecTangle.cpp
         OGL.cpp
     1>c:\users\admin\documents\github\opengl-framework\opengl_4_0_engine\header\ogl.h(5): fatal error C1083: Cannot open include file: 'glew.h': No such file or directory
         MathCore.cpp
         main.cpp
     1>c:\users\admin\documents\github\opengl-framework\opengl_4_0_engine\header\ogl.h(5): fatal error C1083: Cannot open include file: 'glew.h': No such file or directory
         Graphics.cpp
     1>c:\users\admin\documents\github\opengl-framework\opengl_4_0_engine\header\ogl.h(5): fatal error C1083: Cannot open include file: 'glew.h': No such file or directory
         GameWorld.cpp
     1>c:\users\admin\documents\github\opengl-framework\opengl_4_0_engine\header\ogl.h(5): fatal error C1083: Cannot open include file: 'glew.h': No such file or directory
         GameComponent.cpp
         FrameWork.cpp
     1>c:\users\admin\documents\github\opengl-framework\opengl_4_0_engine\header\ogl.h(5): fatal error C1083: Cannot open include file: 'glew.h': No such file or directory
         Engine.cpp
     1>c:\users\admin\documents\github\opengl-framework\opengl_4_0_engine\header\ogl.h(5): fatal error C1083: Cannot open include file: 'glew.h': No such file or directory
         Generating Code...
     1>Done Building Project "C:\Users\Admin\Documents\GitHub\OpenGL-Framework\OpenGL_4_0_Engine\OpenGL_4_0_Engine.vcxproj" (Build target(s)) -- FAILED.

Build FAILED.

Time Elapsed 00:00:02.97
