c:\users\admin\desktop\opengl_4_0_engine\opengl_4_0_engine\debug\vc120.pdb
c:\users\admin\desktop\opengl_4_0_engine\opengl_4_0_engine\debug\vc120.idb
c:\users\admin\desktop\opengl_4_0_engine\opengl_4_0_engine\debug\engine.obj
c:\users\admin\desktop\opengl_4_0_engine\opengl_4_0_engine\debug\framework.obj
c:\users\admin\desktop\opengl_4_0_engine\opengl_4_0_engine\debug\gamecomponent.obj
c:\users\admin\desktop\opengl_4_0_engine\opengl_4_0_engine\debug\graphics.obj
c:\users\admin\desktop\opengl_4_0_engine\opengl_4_0_engine\debug\main.obj
c:\users\admin\desktop\opengl_4_0_engine\opengl_4_0_engine\debug\ogl.obj
c:\users\admin\desktop\opengl_4_0_engine\opengl_4_0_engine\debug\rectangle.obj
c:\users\admin\desktop\opengl_4_0_engine\opengl_4_0_engine\debug\spritebatch.obj
c:\users\admin\desktop\opengl_4_0_engine\opengl_4_0_engine\debug\mathcore.obj
c:\users\admin\desktop\opengl_4_0_engine\opengl_4_0_engine\debug\timer.obj
c:\users\admin\desktop\opengl_4_0_engine\opengl_4_0_engine\debug\shader.obj
c:\users\admin\desktop\opengl_4_0_engine\opengl_4_0_engine\debug\shadermanager.obj
c:\users\admin\desktop\opengl_4_0_engine\opengl_4_0_engine\debug\gameworld.obj
c:\users\admin\desktop\opengl_4_0_engine\debug\opengl_4_0_engine.ilk
c:\users\admin\desktop\opengl_4_0_engine\debug\opengl_4_0_engine.exe
c:\users\admin\desktop\opengl_4_0_engine\debug\opengl_4_0_engine.pdb
c:\users\admin\desktop\opengl_4_0_engine\opengl_4_0_engine\debug\opengl_4.759630ab.tlog\cl.command.1.tlog
c:\users\admin\desktop\opengl_4_0_engine\opengl_4_0_engine\debug\opengl_4.759630ab.tlog\cl.read.1.tlog
c:\users\admin\desktop\opengl_4_0_engine\opengl_4_0_engine\debug\opengl_4.759630ab.tlog\cl.write.1.tlog
c:\users\admin\desktop\opengl_4_0_engine\opengl_4_0_engine\debug\opengl_4.759630ab.tlog\link.command.1.tlog
c:\users\admin\desktop\opengl_4_0_engine\opengl_4_0_engine\debug\opengl_4.759630ab.tlog\link.read.1.tlog
c:\users\admin\desktop\opengl_4_0_engine\opengl_4_0_engine\debug\opengl_4.759630ab.tlog\link.write.1.tlog
